0 info it worked if it ends with ok
1 verbose cli [ '/usr/local/bin/node', '/usr/local/bin/npm', 'run', 'test' ]
2 info using npm@3.10.3
3 info using node@v6.3.0
4 verbose run-script [ 'pretest', 'test', 'posttest' ]
5 info lifecycle webpack-component@1.0.0~pretest: webpack-component@1.0.0
6 silly lifecycle webpack-component@1.0.0~pretest: no script for pretest, continuing
7 info lifecycle webpack-component@1.0.0~test: webpack-component@1.0.0
8 verbose lifecycle webpack-component@1.0.0~test: unsafe-perm in lifecycle true
9 verbose lifecycle webpack-component@1.0.0~test: PATH: /usr/local/lib/node_modules/npm/bin/node-gyp-bin:/Users/yukuang/Desktop/work/webjar/webpack/node_modules/.bin:/usr/local/bin:/Users/yukuang/.rvm/gems/ruby-2.3.0/bin:/Users/yukuang/.rvm/gems/ruby-2.3.0@global/bin:/Users/yukuang/.rvm/rubies/ruby-2.3.0/bin:/usr/local/bin:/usr/bin:/bin:/usr/sbin:/sbin:/Library/Frameworks/Mono.framework/Versions/Current/Commands:/Users/yukuang/.rvm/bin:/Users/yukuang/bin
10 verbose lifecycle webpack-component@1.0.0~test: CWD: /Users/yukuang/Desktop/work/webjar/webpack
11 silly lifecycle webpack-component@1.0.0~test: Args: [ '-c',
11 silly lifecycle   'webpack & webpack-dev-server --hot --inline --progress --colors --port 8080' ]
12 silly lifecycle webpack-component@1.0.0~test: Returned: code: 1  signal: null
13 info lifecycle webpack-component@1.0.0~test: Failed to exec test script
14 verbose stack Error: webpack-component@1.0.0 test: `webpack & webpack-dev-server --hot --inline --progress --colors --port 8080`
14 verbose stack Exit status 1
14 verbose stack     at EventEmitter.<anonymous> (/usr/local/lib/node_modules/npm/lib/utils/lifecycle.js:242:16)
14 verbose stack     at emitTwo (events.js:106:13)
14 verbose stack     at EventEmitter.emit (events.js:191:7)
14 verbose stack     at ChildProcess.<anonymous> (/usr/local/lib/node_modules/npm/lib/utils/spawn.js:40:14)
14 verbose stack     at emitTwo (events.js:106:13)
14 verbose stack     at ChildProcess.emit (events.js:191:7)
14 verbose stack     at maybeClose (internal/child_process.js:852:16)
14 verbose stack     at Process.ChildProcess._handle.onexit (internal/child_process.js:215:5)
15 verbose pkgid webpack-component@1.0.0
16 verbose cwd /Users/yukuang/Desktop/work/webjar/webpack
17 error Darwin 15.0.0
18 error argv "/usr/local/bin/node" "/usr/local/bin/npm" "run" "test"
19 error node v6.3.0
20 error npm  v3.10.3
21 error code ELIFECYCLE
22 error webpack-component@1.0.0 test: `webpack & webpack-dev-server --hot --inline --progress --colors --port 8080`
22 error Exit status 1
23 error Failed at the webpack-component@1.0.0 test script 'webpack & webpack-dev-server --hot --inline --progress --colors --port 8080'.
23 error Make sure you have the latest version of node.js and npm installed.
23 error If you do, this is most likely a problem with the webpack-component package,
23 error not with npm itself.
23 error Tell the author that this fails on your system:
23 error     webpack & webpack-dev-server --hot --inline --progress --colors --port 8080
23 error You can get information on how to open an issue for this project with:
23 error     npm bugs webpack-component
23 error Or if that isn't available, you can get their info via:
23 error     npm owner ls webpack-component
23 error There is likely additional logging output above.
24 verbose exit [ 1, true ]
